Watching for file changes with StatReloader
/home/pi/rpi_temp/django_app/tempsens/tasks.py:11: RuntimeWarning: This channel is already in use, continuing anyway.  Use GPIO.setwarnings(False) to disable warnings.
  GPIO.setup(led, GPIO.OUT)
[25/Nov/2020 17:06:22] "GET /tempsens/ HTTP/1.1" 200 1456
[25/Nov/2020 17:06:22] "GET /static/tempsens/css/style.css HTTP/1.1" 200 974
[25/Nov/2020 17:06:22] "GET /static/tempsens/js/script.js HTTP/1.1" 200 774
[25/Nov/2020 17:06:22] "GET /static/tempsens/favicon.ico HTTP/1.1" 200 1065
[25/Nov/2020 17:13:43] "GET /tempsens/ HTTP/1.1" 200 1456
[25/Nov/2020 17:13:43] "GET /static/tempsens/css/style.css HTTP/1.1" 200 974
[25/Nov/2020 17:13:43] "GET /static/tempsens/js/script.js HTTP/1.1" 200 774
[25/Nov/2020 17:13:48] "GET /tempsens/get_data_json/ HTTP/1.1" 200 27
[25/Nov/2020 17:23:48] "GET /tempsens/power_led/? HTTP/1.1" 302 0
[25/Nov/2020 17:23:52] "GET /tempsens/ HTTP/1.1" 200 1456
[25/Nov/2020 17:23:52] "GET /static/tempsens/js/script.js HTTP/1.1" 200 774
[25/Nov/2020 17:43:39] "GET /tempsens/power_led/? HTTP/1.1" 302 0
[25/Nov/2020 17:43:40] "GET /tempsens/ HTTP/1.1" 200 1456
[25/Nov/2020 17:43:40] "GET /static/tempsens/js/script.js HTTP/1.1" 200 774
[25/Nov/2020 17:43:43] "GET /tempsens/get_data_json/ HTTP/1.1" 200 27
[25/Nov/2020 17:52:05] "GET /tempsens/ HTTP/1.1" 200 1456
[25/Nov/2020 17:52:05] "GET /static/tempsens/js/script.js HTTP/1.1" 304 0
[25/Nov/2020 17:52:05] "GET /static/tempsens/favicon.ico HTTP/1.1" 200 1065
[25/Nov/2020 17:52:08] "GET /tempsens/disable_led/? HTTP/1.1" 302 0
[25/Nov/2020 17:52:09] "GET /tempsens/ HTTP/1.1" 200 1456
[25/Nov/2020 17:52:09] "GET /static/tempsens/favicon.ico HTTP/1.1" 200 1065
[25/Nov/2020 18:09:41] "GET /tempsens/get_data_json/ HTTP/1.1" 200 27
[26/Nov/2020 01:54:49] "GET /static/tempsens/icon/temp_icon.png HTTP/1.1" 404 1706
[26/Nov/2020 01:54:57] "GET /static/tempsens/icon/temp_icon.png HTTP/1.1" 404 1706
[26/Nov/2020 01:55:08] "GET /static/tempsens/icon/temp_icon.png HTTP/1.1" 404 1706
[26/Nov/2020 01:55:45] "GET /static/tempsens/icon/temp_icon.png HTTP/1.1" 404 1706
[26/Nov/2020 01:56:02] "GET /static/tempsens/icon/temp_icon.png HTTP/1.1" 404 1706
[26/Nov/2020 01:56:06] "GET /static/tempsens/icon/temp_icon.png HTTP/1.1" 404 1706
[26/Nov/2020 01:56:09] "GET /static/tempsens/icon/temp_icon.png HTTP/1.1" 404 1706
[26/Nov/2020 16:56:13] "GET /tempsens/ HTTP/1.1" 200 1456
[26/Nov/2020 16:56:13] "GET /static/tempsens/css/style.css HTTP/1.1" 200 974
[26/Nov/2020 16:56:34] "GET /tempsens/get_data_json/ HTTP/1.1" 200 27
[26/Nov/2020 18:08:51] "GET /tempsens/ HTTP/1.1" 200 1456
[26/Nov/2020 18:08:53] "GET /static/tempsens/css/style.css HTTP/1.1" 200 974
[26/Nov/2020 18:08:53] "GET /static/tempsens/js/script.js HTTP/1.1" 200 774
[26/Nov/2020 18:08:53] "GET /static/tempsens/favicon.ico HTTP/1.1" 200 1065
[26/Nov/2020 18:08:58] "GET /tempsens/get_data_json/ HTTP/1.1" 200 27
[26/Nov/2020 18:13:26] "GET /tempsens/get_data_json/ HTTP/1.1" 200 27
[26/Nov/2020 18:13:28] "GET /tempsens/get_data_json/ HTTP/1.1" 200 27
[26/Nov/2020 18:17:32] "GET /tempsens/power_led/? HTTP/1.1" 302 0
[26/Nov/2020 18:17:33] "GET /tempsens/ HTTP/1.1" 200 1456
[26/Nov/2020 18:25:25] "GET /tempsens/ HTTP/1.1" 200 1456
[26/Nov/2020 18:25:37] "GET /tempsens/ HTTP/1.1" 200 1456
[26/Nov/2020 18:25:39] "GET /static/tempsens/css/style.css HTTP/1.1" 304 0
[26/Nov/2020 18:25:39] "GET /static/tempsens/js/script.js HTTP/1.1" 304 0
[26/Nov/2020 18:26:13] "GET /tempsens/disable_led/? HTTP/1.1" 302 0
[26/Nov/2020 18:26:13] "GET /tempsens/ HTTP/1.1" 200 1456
